<?xml version="1.0" encoding="UTF-8"?>
<testng-results ignored="0" total="8" passed="8" failed="0" skipped="0">
  <reporter-output>
  </reporter-output>
  <suite started-at="2025-02-20T14:17:35 IST" name="Suite" finished-at="2025-02-20T14:18:53 IST" duration-ms="77793">
    <groups>
      <group name="sanity">
        <method signature="dispensary_testcase.verifyTitleOfTheHomePage()[pri:1, instance:testcases.dispensary_testcase@1950e8a6]" name="verifyTitleOfTheHomePage" class="testcases.dispensary_testcase"/>
        <method signature="dispensary_testcase.verifyDispensaryModuleIsPresentOrNot()[pri:2, instance:testcases.dispensary_testcase@1950e8a6]" name="verifyDispensaryModuleIsPresentOrNot" class="testcases.dispensary_testcase"/>
        <method signature="dispensary_testcase.verifyAllSubModulesArePresent()[pri:3, instance:testcases.dispensary_testcase@1950e8a6]" name="verifyAllSubModulesArePresent" class="testcases.dispensary_testcase"/>
        <method signature="dispensary_testcase.scrollToButtomAndVerifyTheFields()[pri:4, instance:testcases.dispensary_testcase@1950e8a6]" name="scrollToButtomAndVerifyTheFields" class="testcases.dispensary_testcase"/>
        <method signature="dispensary_testcase.performTheKeyboardOperationToOpenThePopup()[pri:5, instance:testcases.dispensary_testcase@1950e8a6]" name="performTheKeyboardOperationToOpenThePopup" class="testcases.dispensary_testcase"/>
        <method signature="dispensary_testcase.validateTheErrorMessageInFirstnameTextfield()[pri:6, instance:testcases.dispensary_testcase@1950e8a6]" name="validateTheErrorMessageInFirstnameTextfield" class="testcases.dispensary_testcase"/>
        <method signature="dispensary_testcase.fillAllTheTextfields()[pri:7, instance:testcases.dispensary_testcase@1950e8a6]" name="fillAllTheTextfields" class="testcases.dispensary_testcase"/>
        <method signature="dispensary_testcase.validateTheConfirmMessage()[pri:8, instance:testcases.dispensary_testcase@1950e8a6]" name="validateTheConfirmMessage" class="testcases.dispensary_testcase"/>
      </group> <!-- sanity -->
    </groups>
    <test started-at="2025-02-20T14:17:35 IST" name="Test" finished-at="2025-02-20T14:18:53 IST" duration-ms="77793">
      <class name="testcases.dispensary_testcase">
        <test-method is-config="true" signature="initBrowser(java.lang.String,java.lang.String)[pri:0, instance:testcases.dispensary_testcase@1950e8a6]" started-at="2025-02-20T14:17:35 IST" name="initBrowser" finished-at="2025-02-20T14:17:45 IST" duration-ms="9556" status="PASS">
          <params>
            <param index="0">
              <value>
                <![CDATA[chrome]]>
              </value>
            </param>
            <param index="1">
              <value>
                <![CDATA[dev]]>
              </value>
            </param>
          </params>
          <reporter-output>
          </reporter-output>
        </test-method> <!-- initBrowser -->
        <test-method signature="verifyTitleOfTheHomePage()[pri:1, instance:testcases.dispensary_testcase@1950e8a6]" started-at="2025-02-20T14:17:45 IST" name="verifyTitleOfTheHomePage" description="Verify the title and url of  the current page" finished-at="2025-02-20T14:18:09 IST" duration-ms="24150" status="PASS">
          <reporter-output>
          </reporter-output>
        </test-method> <!-- verifyTitleOfTheHomePage -->
        <test-method signature="verifyDispensaryModuleIsPresentOrNot()[pri:2, instance:testcases.dispensary_testcase@1950e8a6]" started-at="2025-02-20T14:18:13 IST" name="verifyDispensaryModuleIsPresentOrNot" description="verify the Dispensary module is present or not?" finished-at="2025-02-20T14:18:13 IST" duration-ms="136" status="PASS">
          <reporter-output>
          </reporter-output>
        </test-method> <!-- verifyDispensaryModuleIsPresentOrNot -->
        <test-method signature="verifyAllSubModulesArePresent()[pri:3, instance:testcases.dispensary_testcase@1950e8a6]" started-at="2025-02-20T14:18:16 IST" name="verifyAllSubModulesArePresent" description="verify all sub-modules are displayed correctly after clicking on the expand icon of Dispensary Module" finished-at="2025-02-20T14:18:18 IST" duration-ms="1663" status="PASS">
          <reporter-output>
          </reporter-output>
        </test-method> <!-- verifyAllSubModulesArePresent -->
        <test-method signature="scrollToButtomAndVerifyTheFields()[pri:4, instance:testcases.dispensary_testcase@1950e8a6]" started-at="2025-02-20T14:18:21 IST" name="scrollToButtomAndVerifyTheFields" description="scroll to the bottom of the Sale page and verify that Print Invoice button,Discard button,Invoice History and Credit Limitis and Balance text are peresent or not?" finished-at="2025-02-20T14:18:27 IST" duration-ms="6564" status="PASS">
          <reporter-output>
          </reporter-output>
        </test-method> <!-- scrollToButtomAndVerifyTheFields -->
        <test-method signature="performTheKeyboardOperationToOpenThePopup()[pri:5, instance:testcases.dispensary_testcase@1950e8a6]" started-at="2025-02-20T14:18:31 IST" name="performTheKeyboardOperationToOpenThePopup" description="Perform the keyboard operation to open the Add New Patient popup Page  and verify that the popup is displayed or not" finished-at="2025-02-20T14:18:31 IST" duration-ms="509" status="PASS">
          <reporter-output>
          </reporter-output>
        </test-method> <!-- performTheKeyboardOperationToOpenThePopup -->
        <test-method signature="validateTheErrorMessageInFirstnameTextfield()[pri:6, instance:testcases.dispensary_testcase@1950e8a6]" started-at="2025-02-20T14:18:34 IST" name="validateTheErrorMessageInFirstnameTextfield" description="Validate the error message in Add New Patient form&#039;s firstname textfield after clicking on Ok Button without filling any information in the form" finished-at="2025-02-20T14:18:40 IST" duration-ms="5348" status="PASS">
          <reporter-output>
          </reporter-output>
        </test-method> <!-- validateTheErrorMessageInFirstnameTextfield -->
        <test-method signature="fillAllTheTextfields()[pri:7, instance:testcases.dispensary_testcase@1950e8a6]" started-at="2025-02-20T14:18:43 IST" name="fillAllTheTextfields" description="Fill all the text fields which are present inside the Add New Patient form and Validate entered values" finished-at="2025-02-20T14:18:45 IST" duration-ms="1594" status="PASS">
          <reporter-output>
          </reporter-output>
        </test-method> <!-- fillAllTheTextfields -->
        <test-method signature="validateTheConfirmMessage()[pri:8, instance:testcases.dispensary_testcase@1950e8a6]" started-at="2025-02-20T14:18:48 IST" name="validateTheConfirmMessage" description="On the New Consumption Entry&#039;s page, validate the confirm! Message that is Are you sure you want to Proceed ?" finished-at="2025-02-20T14:18:49 IST" duration-ms="1222" status="PASS">
          <reporter-output>
          </reporter-output>
        </test-method> <!-- validateTheConfirmMessage -->
        <test-method is-config="true" signature="tearDown()[pri:0, instance:testcases.dispensary_testcase@1950e8a6]" started-at="2025-02-20T14:18:52 IST" name="tearDown" finished-at="2025-02-20T14:18:53 IST" duration-ms="554" status="PASS">
          <reporter-output>
          </reporter-output>
        </test-method> <!-- tearDown -->
      </class> <!-- testcases.dispensary_testcase -->
    </test> <!-- Test -->
  </suite> <!-- Suite -->
</testng-results>
